# JRE version: Java(TM) SE Runtime Environment (25.0+37) (build 25+37-LTS-3491)
# Java VM: Java HotSpot(TM) 64-Bit Server VM (25+37-LTS-3491, mixed mode, sharing, tiered, compressed oops, compressed class ptrs, parallel gc, windows-amd64)
GC Precious Log:
 CardTable entry size: 512
 CPUs: 12 total, 12 available
 Memory: 15712M
 Large Page Support: Disabled
 NUMA Support: Disabled
 Compressed Oops: Enabled (32-bit)
 Alignments: Space 512K, Generation 512K, Heap 2M
 Heap Min Capacity: 100M
 Heap Initial Capacity: 100M
 Heap Max Capacity: 2G
 Pre-touch: Disabled
 Parallel Workers: 10
Heap:
 PSYoungGen      total 33280K, used 3594K [0x00000000d5580000, 0x00000000d7b00000, 0x0000000100000000)
  eden space 32256K, 8% used [0x00000000d5580000,0x00000000d58282b0,0x00000000d7500000)
  from space 1024K, 85% used [0x00000000d7a00000,0x00000000d7ada6a0,0x00000000d7b00000)
  to   space 1024K, 0% used [0x00000000d7900000,0x00000000d7900000,0x00000000d7a00000)
 ParOldGen       total 684032K, used 178637K [0x0000000080000000, 0x00000000a9c00000, 0x00000000d5580000)
  object space 684032K, 26% used [0x0000000080000000,0x000000008ae737a8,0x00000000a9c00000)
GC Heap Usage History (20 events):
Event: 2025.447 {heap Before GC invocations=484 (full 5):
 PSYoungGen      total 29184K, used 28465K [0x00000000d5580000, 0x00000000d7800000, 0x0000000100000000)
  eden space 25088K, 97% used [0x00000000d5580000,0x00000000d6d50b20,0x00000000d6e00000)
  from space 4096K, 99% used [0x00000000d7400000,0x00000000d77fba00,0x00000000d7800000)
  to   space 5120K, 0% used [0x00000000d6e00000,0x00000000d6e00000,0x00000000d7300000)
 ParOldGen       total 684032K, used 169963K [0x0000000080000000, 0x00000000a9c00000, 0x00000000d5580Event: 2025.450 {heap After GC invocations=484 (full 5):
 PSYoungGen      total 30208K, used 544K [0x00000000d5580000, 0x00000000d7680000, 0x0000000100000000)
  eden space 25088K, 0% used [0x00000000d5580000,0x00000000d5580000,0x00000000d6e00000)
  from space 5120K, 10% used [0x00000000d6e00000,0x00000000d6e88000,0x00000000d7300000)
  to   space 2048K, 0% used [0x00000000d7480000,0x00000000d7480000,0x00000000d7680000)
 ParOldGen       total 684032K, used 170344K [0x0000000080000000, 0x00000000a9c00000, 0x00000000d5580000)Event: 2026.853 {heap Before GC invocations=485 (full 5):
 PSYoungGen      total 30208K, used 25632K [0x00000000d5580000, 0x00000000d7680000, 0x0000000100000000)
  eden space 25088K, 100% used [0x00000000d5580000,0x00000000d6e00000,0x00000000d6e00000)
  from space 5120K, 10% used [0x00000000d6e00000,0x00000000d6e88000,0x00000000d7300000)
  to   space 2048K, 0% used [0x00000000d7480000,0x00000000d7480000,0x00000000d7680000)
 ParOldGen       total 684032K, used 170344K [0x0000000080000000, 0x00000000a9c00000, 0x00000000d558Event: 2026.855 {heap After GC invocations=485 (full 5):
 PSYoungGen      total 32256K, used 992K [0x00000000d5580000, 0x00000000d7680000, 0x0000000100000000)
  eden space 30208K, 0% used [0x00000000d5580000,0x00000000d5580000,0x00000000d7300000)
  from space 2048K, 48% used [0x00000000d7480000,0x00000000d7578020,0x00000000d7680000)
  to   space 1536K, 0% used [0x00000000d7300000,0x00000000d7300000,0x00000000d7480000)
 ParOldGen       total 684032K, used 170572K [0x0000000080000000, 0x00000000a9c00000, 0x00000000d5580000)Event: 2029.518 {heap Before GC invocations=486 (full 5):
 PSYoungGen      total 32256K, used 31200K [0x00000000d5580000, 0x00000000d7680000, 0x0000000100000000)
  eden space 30208K, 100% used [0x00000000d5580000,0x00000000d7300000,0x00000000d7300000)
  from space 2048K, 48% used [0x00000000d7480000,0x00000000d7578020,0x00000000d7680000)
  to   space 1536K, 0% used [0x00000000d7300000,0x00000000d7300000,0x00000000d7480000)
 ParOldGen       total 684032K, used 170572K [0x0000000080000000, 0x00000000a9c00000, 0x00000000d558Event: 2029.521 {heap After GC invocations=486 (full 5):
 PSYoungGen      total 31744K, used 224K [0x00000000d5580000, 0x00000000d7680000, 0x0000000100000000)
  eden space 30208K, 0% used [0x00000000d5580000,0x00000000d5580000,0x00000000d7300000)
  from space 1536K, 14% used [0x00000000d7300000,0x00000000d7338000,0x00000000d7480000)
  to   space 1024K, 0% used [0x00000000d7580000,0x00000000d7580000,0x00000000d7680000)
 ParOldGen       total 684032K, used 170660K [0x0000000080000000, 0x00000000a9c00000, 0x00000000d5580000)Event: 2031.073 {heap Before GC invocations=487 (full 5):
 PSYoungGen      total 31744K, used 30432K [0x00000000d5580000, 0x00000000d7680000, 0x0000000100000000)
  eden space 30208K, 100% used [0x00000000d5580000,0x00000000d7300000,0x00000000d7300000)
  from space 1536K, 14% used [0x00000000d7300000,0x00000000d7338000,0x00000000d7480000)
  to   space 1024K, 0% used [0x00000000d7580000,0x00000000d7580000,0x00000000d7680000)
 ParOldGen       total 684032K, used 170660K [0x0000000080000000, 0x00000000a9c00000, 0x00000000d558Event: 2031.076 {heap After GC invocations=487 (full 5):
 PSYoungGen      total 32768K, used 608K [0x00000000d5580000, 0x00000000d7680000, 0x0000000100000000)
  eden space 31744K, 0% used [0x00000000d5580000,0x00000000d5580000,0x00000000d7480000)
  from space 1024K, 59% used [0x00000000d7580000,0x00000000d7618020,0x00000000d7680000)
  to   space 1024K, 0% used [0x00000000d7480000,0x00000000d7480000,0x00000000d7580000)
 ParOldGen       total 684032K, used 170732K [0x0000000080000000, 0x00000000a9c00000, 0x00000000d5580000)Event: 2033.636 {heap Before GC invocations=488 (full 5):
 PSYoungGen      total 32768K, used 32352K [0x00000000d5580000, 0x00000000d7680000, 0x0000000100000000)
  eden space 31744K, 100% used [0x00000000d5580000,0x00000000d7480000,0x00000000d7480000)
  from space 1024K, 59% used [0x00000000d7580000,0x00000000d7618020,0x00000000d7680000)
  to   space 1024K, 0% used [0x00000000d7480000,0x00000000d7480000,0x00000000d7580000)
 ParOldGen       total 684032K, used 170732K [0x0000000080000000, 0x00000000a9c00000, 0x00000000d558Event: 2033.641 {heap After GC invocations=488 (full 5):
 PSYoungGen      total 32256K, used 1018K [0x00000000d5580000, 0x00000000d8300000, 0x0000000100000000)
  eden space 31232K, 0% used [0x00000000d5580000,0x00000000d5580000,0x00000000d7400000)
  from space 1024K, 99% used [0x00000000d7480000,0x00000000d757eac8,0x00000000d7580000)
  to   space 7680K, 0% used [0x00000000d7b80000,0x00000000d7b80000,0x00000000d8300000)
 ParOldGen       total 684032K, used 176270K [0x0000000080000000, 0x00000000a9c00000, 0x00000000d5580000Event: 2037.439 {heap Before GC invocations=489 (full 5):
 PSYoungGen      total 32256K, used 32250K [0x00000000d5580000, 0x00000000d8300000, 0x0000000100000000)
  eden space 31232K, 100% used [0x00000000d5580000,0x00000000d7400000,0x00000000d7400000)
  from space 1024K, 99% used [0x00000000d7480000,0x00000000d757eac8,0x00000000d7580000)
  to   space 7680K, 0% used [0x00000000d7b80000,0x00000000d7b80000,0x00000000d8300000)
 ParOldGen       total 684032K, used 176270K [0x0000000080000000, 0x00000000a9c00000, 0x00000000d558Event: 2037.442 {heap After GC invocations=489 (full 5):
 PSYoungGen      total 31744K, used 992K [0x00000000d5580000, 0x00000000d7c80000, 0x0000000100000000)
  eden space 30720K, 0% used [0x00000000d5580000,0x00000000d5580000,0x00000000d7380000)
  from space 1024K, 96% used [0x00000000d7b80000,0x00000000d7c78020,0x00000000d7c80000)
  to   space 3072K, 0% used [0x00000000d7680000,0x00000000d7680000,0x00000000d7980000)
 ParOldGen       total 684032K, used 176915K [0x0000000080000000, 0x00000000a9c00000, 0x00000000d5580000)Event: 2039.914 {heap Before GC invocations=490 (full 5):
 PSYoungGen      total 31744K, used 31712K [0x00000000d5580000, 0x00000000d7c80000, 0x0000000100000000)
  eden space 30720K, 100% used [0x00000000d5580000,0x00000000d7380000,0x00000000d7380000)
  from space 1024K, 96% used [0x00000000d7b80000,0x00000000d7c78020,0x00000000d7c80000)
  to   space 3072K, 0% used [0x00000000d7680000,0x00000000d7680000,0x00000000d7980000)
 ParOldGen       total 684032K, used 176915K [0x0000000080000000, 0x00000000a9c00000, 0x00000000d558Event: 2039.919 {heap After GC invocations=490 (full 5):
 PSYoungGen      total 36864K, used 1120K [0x00000000d5580000, 0x00000000d7c00000, 0x0000000100000000)
  eden space 33792K, 0% used [0x00000000d5580000,0x00000000d5580000,0x00000000d7680000)
  from space 3072K, 36% used [0x00000000d7680000,0x00000000d7798040,0x00000000d7980000)
  to   space 1536K, 0% used [0x00000000d7a80000,0x00000000d7a80000,0x00000000d7c00000)
 ParOldGen       total 684032K, used 177259K [0x0000000080000000, 0x00000000a9c00000, 0x00000000d5580000Event: 2222.386 {heap Before GC invocations=491 (full 5):
 PSYoungGen      total 36864K, used 34912K [0x00000000d5580000, 0x00000000d7c00000, 0x0000000100000000)
  eden space 33792K, 100% used [0x00000000d5580000,0x00000000d7680000,0x00000000d7680000)
  from space 3072K, 36% used [0x00000000d7680000,0x00000000d7798040,0x00000000d7980000)
  to   space 1536K, 0% used [0x00000000d7a80000,0x00000000d7a80000,0x00000000d7c00000)
 ParOldGen       total 684032K, used 177259K [0x0000000080000000, 0x00000000a9c00000, 0x00000000d558Event: 2222.388 {heap After GC invocations=491 (full 5):
 PSYoungGen      total 33792K, used 480K [0x00000000d5580000, 0x00000000d7b00000, 0x0000000100000000)
  eden space 33280K, 0% used [0x00000000d5580000,0x00000000d5580000,0x00000000d7600000)
  from space 512K, 93% used [0x00000000d7a80000,0x00000000d7af8020,0x00000000d7b00000)
  to   space 1024K, 0% used [0x00000000d7900000,0x00000000d7900000,0x00000000d7a00000)
 ParOldGen       total 684032K, used 177958K [0x0000000080000000, 0x00000000a9c00000, 0x00000000d5580000)
Event: 2276.038 {heap Before GC invocations=492 (full 5):
 PSYoungGen      total 33792K, used 33760K [0x00000000d5580000, 0x00000000d7b00000, 0x0000000100000000)
  eden space 33280K, 100% used [0x00000000d5580000,0x00000000d7600000,0x00000000d7600000)
  from space 512K, 93% used [0x00000000d7a80000,0x00000000d7af8020,0x00000000d7b00000)
  to   space 1024K, 0% used [0x00000000d7900000,0x00000000d7900000,0x00000000d7a00000)
 ParOldGen       total 684032K, used 177958K [0x0000000080000000, 0x00000000a9c00000, 0x00000000d5580Event: 2276.040 {heap After GC invocations=492 (full 5):
 PSYoungGen      total 33792K, used 704K [0x00000000d5580000, 0x00000000d7b00000, 0x0000000100000000)
  eden space 32768K, 0% used [0x00000000d5580000,0x00000000d5580000,0x00000000d7580000)
  from space 1024K, 68% used [0x00000000d7900000,0x00000000d79b0000,0x00000000d7a00000)
  to   space 1024K, 0% used [0x00000000d7a00000,0x00000000d7a00000,0x00000000d7b00000)
 ParOldGen       total 684032K, used 178086K [0x0000000080000000, 0x00000000a9c00000, 0x00000000d5580000)Event: 2276.391 {heap Before GC invocations=493 (full 5):
 PSYoungGen      total 33792K, used 33472K [0x00000000d5580000, 0x00000000d7b00000, 0x0000000100000000)
  eden space 32768K, 100% used [0x00000000d5580000,0x00000000d7580000,0x00000000d7580000)
  from space 1024K, 68% used [0x00000000d7900000,0x00000000d79b0000,0x00000000d7a00000)
  to   space 1024K, 0% used [0x00000000d7a00000,0x00000000d7a00000,0x00000000d7b00000)
 ParOldGen       total 684032K, used 178086K [0x0000000080000000, 0x00000000a9c00000, 0x00000000d558Event: 2276.394 {heap After GC invocations=493 (full 5):
 PSYoungGen      total 33280K, used 873K [0x00000000d5580000, 0x00000000d7b00000, 0x0000000100000000)
  eden space 32256K, 0% used [0x00000000d5580000,0x00000000d5580000,0x00000000d7500000)
  from space 1024K, 85% used [0x00000000d7a00000,0x00000000d7ada6a0,0x00000000d7b00000)
  to   space 1024K, 0% used [0x00000000d7900000,0x00000000d7900000,0x00000000d7a00000)
 ParOldGen       total 684032K, used 178637K [0x0000000080000000, 0x00000000a9c00000, 0x00000000d5580000)
Metaspace Usage History (20 events):
Event: 2025.447 {metaspace Before GC invocations=484 (full 5):
 Metaspace       used 89704K, committed 91392K, reserved 1179648K
  class space    used 7839K, committed 8640K, reserved 1048576K
}
Event: 2025.450 {metaspace After GC invocations=484 (full 5):
 Metaspace       used 89704K, committed 91392K, reserved 1179648K
  class space    used 7839K, committed 8640K, reserved 1048576K
}
Event: 2026.853 {metaspace Before GC invocations=485 (full 5):
 Metaspace       used 89725K, committed 91392K, reserved 1179648K
  class space    used 7840K, committed 8640K, reserved 1048576K
}
Event: 2026.855 {metaspace After GC invocations=485 (full 5):
 Metaspace       used 89725K, committed 91392K, reserved 1179648K
  class space    used 7840K, committed 8640K, reserved 1048576K
}
Event: 2029.518 {metaspace Before GC invocations=486 (full 5):
 Metaspace       used 89759K, committed 91392K, reserved 1179648K
  class space    used 7842K, committed 8640K, reserved 1048576K
}
Event: 2029.521 {metaspace After GC invocations=486 (full 5):
 Metaspace       used 89759K, committed 91392K, reserved 1179648K
  class space    used 7842K, committed 8640K, reserved 1048576K
}
Event: 2031.073 {metaspace Before GC invocations=487 (full 5):
 Metaspace       used 89786K, committed 91456K, reserved 1179648K
  class space    used 7842K, committed 8640K, reserved 1048576K
}
Event: 2031.076 {metaspace After GC invocations=487 (full 5):
 Metaspace       used 89786K, committed 91456K, reserved 1179648K
  class space    used 7842K, committed 8640K, reserved 1048576K
}
Event: 2033.636 {metaspace Before GC invocations=488 (full 5):
 Metaspace       used 89814K, committed 91456K, reserved 1179648K
  class space    used 7843K, committed 8640K, reserved 1048576K
}
Event: 2033.641 {metaspace After GC invocations=488 (full 5):
 Metaspace       used 89814K, committed 91456K, reserved 1179648K
  class space    used 7843K, committed 8640K, reserved 1048576K
}
Event: 2037.439 {metaspace Before GC invocations=489 (full 5):
 Metaspace       used 89820K, committed 91456K, reserved 1179648K
  class space    used 7843K, committed 8640K, reserved 1048576K
}
Event: 2037.443 {metaspace After GC invocations=489 (full 5):
 Metaspace       used 89820K, committed 91456K, reserved 1179648K
  class space    used 7843K, committed 8640K, reserved 1048576K
}
Event: 2039.914 {metaspace Before GC invocations=490 (full 5):
 Metaspace       used 89833K, committed 91456K, reserved 1179648K
  class space    used 7843K, committed 8640K, reserved 1048576K
}
Event: 2039.919 {metaspace After GC invocations=490 (full 5):
 Metaspace       used 89833K, committed 91456K, reserved 1179648K
  class space    used 7843K, committed 8640K, reserved 1048576K
}
Event: 2222.386 {metaspace Before GC invocations=491 (full 5):
 Metaspace       used 89861K, committed 91456K, reserved 1179648K
  class space    used 7843K, committed 8640K, reserved 1048576K
}
Event: 2222.388 {metaspace After GC invocations=491 (full 5):
 Metaspace       used 89861K, committed 91456K, reserved 1179648K
  class space    used 7843K, committed 8640K, reserved 1048576K
}
Event: 2276.038 {metaspace Before GC invocations=492 (full 5):
 Metaspace       used 90193K, committed 91776K, reserved 1179648K
  class space    used 7889K, committed 8640K, reserved 1048576K
}
Event: 2276.040 {metaspace After GC invocations=492 (full 5):
 Metaspace       used 90193K, committed 91776K, reserved 1179648K
  class space    used 7889K, committed 8640K, reserved 1048576K
}
Event: 2276.391 {metaspace Before GC invocations=493 (full 5):
 Metaspace       used 91247K, committed 93248K, reserved 1179648K
  class space    used 8104K, committed 8960K, reserved 1048576K
}
Event: 2276.394 {metaspace After GC invocations=493 (full 5):
 Metaspace       used 91247K, committed 93248K, reserved 1179648K
  class space    used 8104K, committed 8960K, reserved 1048576K
}

