# JRE version: Java(TM) SE Runtime Environment (25.0+37) (build 25+37-LTS-3491)
# Java VM: Java HotSpot(TM) 64-Bit Server VM (25+37-LTS-3491, mixed mode, sharing, tiered, compressed oops, compressed class ptrs, parallel gc, windows-amd64)
GC Precious Log:
 CardTable entry size: 512
 CPUs: 12 total, 12 available
 Memory: 15712M
 Large Page Support: Disabled
 NUMA Support: Disabled
 Compressed Oops: Enabled (32-bit)
 Alignments: Space 512K, Generation 512K, Heap 2M
 Heap Min Capacity: 100M
 Heap Initial Capacity: 100M
 Heap Max Capacity: 2G
 Pre-touch: Disabled
 Parallel Workers: 10
Heap:
 PSYoungGen      total 31232K, used 6409K [0x00000000d5580000, 0x00000000d7980000, 0x0000000100000000)
  eden space 30208K, 18% used [0x00000000d5580000,0x00000000d5ae5308,0x00000000d7300000)
  from space 1024K, 86% used [0x00000000d7880000,0x00000000d795d200,0x00000000d7980000)
  to   space 2560K, 0% used [0x00000000d7480000,0x00000000d7480000,0x00000000d7700000)
 ParOldGen       total 675328K, used 211448K [0x0000000080000000, 0x00000000a9380000, 0x00000000d5580000)
  object space 675328K, 31% used [0x0000000080000000,0x000000008ce7e0a0,0x00000000a9380000)
GC Heap Usage History (20 events):
Event: 4637.434 {heap Before GC invocations=528 (full 5):
 PSYoungGen      total 33280K, used 32816K [0x00000000d5580000, 0x00000000d7a80000, 0x0000000100000000)
  eden space 31744K, 100% used [0x00000000d5580000,0x00000000d7480000,0x00000000d7480000)
  from space 1536K, 69% used [0x00000000d7900000,0x00000000d7a0c090,0x00000000d7a80000)
  to   space 1536K, 0% used [0x00000000d7780000,0x00000000d7780000,0x00000000d7900000)
 ParOldGen       total 675328K, used 197896K [0x0000000080000000, 0x00000000a9380000, 0x00000000d558Event: 4637.438 {heap After GC invocations=528 (full 5):
 PSYoungGen      total 32768K, used 1535K [0x00000000d5580000, 0x00000000d8600000, 0x0000000100000000)
  eden space 31232K, 0% used [0x00000000d5580000,0x00000000d5580000,0x00000000d7400000)
  from space 1536K, 99% used [0x00000000d7780000,0x00000000d78ffda0,0x00000000d7900000)
  to   space 9216K, 0% used [0x00000000d7d00000,0x00000000d7d00000,0x00000000d8600000)
 ParOldGen       total 675328K, used 204217K [0x0000000080000000, 0x00000000a9380000, 0x00000000d5580000Event: 4642.330 {heap Before GC invocations=529 (full 5):
 PSYoungGen      total 32768K, used 32767K [0x00000000d5580000, 0x00000000d8600000, 0x0000000100000000)
  eden space 31232K, 100% used [0x00000000d5580000,0x00000000d7400000,0x00000000d7400000)
  from space 1536K, 99% used [0x00000000d7780000,0x00000000d78ffda0,0x00000000d7900000)
  to   space 9216K, 0% used [0x00000000d7d00000,0x00000000d7d00000,0x00000000d8600000)
 ParOldGen       total 675328K, used 204217K [0x0000000080000000, 0x00000000a9380000, 0x00000000d558Event: 4642.333 {heap After GC invocations=529 (full 5):
 PSYoungGen      total 32256K, used 1312K [0x00000000d5580000, 0x00000000d7e80000, 0x0000000100000000)
  eden space 30720K, 0% used [0x00000000d5580000,0x00000000d5580000,0x00000000d7380000)
  from space 1536K, 85% used [0x00000000d7d00000,0x00000000d7e480a0,0x00000000d7e80000)
  to   space 4096K, 0% used [0x00000000d7680000,0x00000000d7680000,0x00000000d7a80000)
 ParOldGen       total 675328K, used 204814K [0x0000000080000000, 0x00000000a9380000, 0x00000000d5580000Event: 4644.508 {heap Before GC invocations=530 (full 5):
 PSYoungGen      total 32256K, used 32032K [0x00000000d5580000, 0x00000000d7e80000, 0x0000000100000000)
  eden space 30720K, 100% used [0x00000000d5580000,0x00000000d7380000,0x00000000d7380000)
  from space 1536K, 85% used [0x00000000d7d00000,0x00000000d7e480a0,0x00000000d7e80000)
  to   space 4096K, 0% used [0x00000000d7680000,0x00000000d7680000,0x00000000d7a80000)
 ParOldGen       total 675328K, used 204814K [0x0000000080000000, 0x00000000a9380000, 0x00000000d558Event: 4644.512 {heap After GC invocations=530 (full 5):
 PSYoungGen      total 33792K, used 3317K [0x00000000d5580000, 0x00000000d7d80000, 0x0000000100000000)
  eden space 30208K, 0% used [0x00000000d5580000,0x00000000d5580000,0x00000000d7300000)
  from space 3584K, 92% used [0x00000000d7680000,0x00000000d79bd570,0x00000000d7a00000)
  to   space 3584K, 0% used [0x00000000d7a00000,0x00000000d7a00000,0x00000000d7d80000)
 ParOldGen       total 675328K, used 205198K [0x0000000080000000, 0x00000000a9380000, 0x00000000d5580000Event: 4665.736 {heap Before GC invocations=531 (full 5):
 PSYoungGen      total 33792K, used 33525K [0x00000000d5580000, 0x00000000d7d80000, 0x0000000100000000)
  eden space 30208K, 100% used [0x00000000d5580000,0x00000000d7300000,0x00000000d7300000)
  from space 3584K, 92% used [0x00000000d7680000,0x00000000d79bd570,0x00000000d7a00000)
  to   space 3584K, 0% used [0x00000000d7a00000,0x00000000d7a00000,0x00000000d7d80000)
 ParOldGen       total 675328K, used 205198K [0x0000000080000000, 0x00000000a9380000, 0x00000000d558Event: 4665.740 {heap After GC invocations=531 (full 5):
 PSYoungGen      total 33280K, used 3564K [0x00000000d5580000, 0x00000000d7d80000, 0x0000000100000000)
  eden space 29696K, 0% used [0x00000000d5580000,0x00000000d5580000,0x00000000d7280000)
  from space 3584K, 99% used [0x00000000d7a00000,0x00000000d7d7b0c0,0x00000000d7d80000)
  to   space 5632K, 0% used [0x00000000d7280000,0x00000000d7280000,0x00000000d7800000)
 ParOldGen       total 675328K, used 206811K [0x0000000080000000, 0x00000000a9380000, 0x00000000d5580000Event: 4667.438 {heap Before GC invocations=532 (full 5):
 PSYoungGen      total 33280K, used 33260K [0x00000000d5580000, 0x00000000d7d80000, 0x0000000100000000)
  eden space 29696K, 100% used [0x00000000d5580000,0x00000000d7280000,0x00000000d7280000)
  from space 3584K, 99% used [0x00000000d7a00000,0x00000000d7d7b0c0,0x00000000d7d80000)
  to   space 5632K, 0% used [0x00000000d7280000,0x00000000d7280000,0x00000000d7800000)
 ParOldGen       total 675328K, used 206811K [0x0000000080000000, 0x00000000a9380000, 0x00000000d558Event: 4667.441 {heap After GC invocations=532 (full 5):
 PSYoungGen      total 33280K, used 3933K [0x00000000d5580000, 0x00000000d7b00000, 0x0000000100000000)
  eden space 29184K, 0% used [0x00000000d5580000,0x00000000d5580000,0x00000000d7200000)
  from space 4096K, 96% used [0x00000000d7280000,0x00000000d7657520,0x00000000d7680000)
  to   space 4608K, 0% used [0x00000000d7680000,0x00000000d7680000,0x00000000d7b00000)
 ParOldGen       total 675328K, used 207011K [0x0000000080000000, 0x00000000a9380000, 0x00000000d5580000Event: 4671.662 {heap Before GC invocations=533 (full 5):
 PSYoungGen      total 33280K, used 33117K [0x00000000d5580000, 0x00000000d7b00000, 0x0000000100000000)
  eden space 29184K, 100% used [0x00000000d5580000,0x00000000d7200000,0x00000000d7200000)
  from space 4096K, 96% used [0x00000000d7280000,0x00000000d7657520,0x00000000d7680000)
  to   space 4608K, 0% used [0x00000000d7680000,0x00000000d7680000,0x00000000d7b00000)
 ParOldGen       total 675328K, used 207011K [0x0000000080000000, 0x00000000a9380000, 0x00000000d558Event: 4671.667 {heap After GC invocations=533 (full 5):
 PSYoungGen      total 32256K, used 3397K [0x00000000d5580000, 0x00000000d7a00000, 0x0000000100000000)
  eden space 28672K, 0% used [0x00000000d5580000,0x00000000d5580000,0x00000000d7180000)
  from space 3584K, 94% used [0x00000000d7680000,0x00000000d79d1580,0x00000000d7a00000)
  to   space 4096K, 0% used [0x00000000d7200000,0x00000000d7200000,0x00000000d7600000)
 ParOldGen       total 675328K, used 207167K [0x0000000080000000, 0x00000000a9380000, 0x00000000d5580000Event: 4673.462 {heap Before GC invocations=534 (full 5):
 PSYoungGen      total 32256K, used 32069K [0x00000000d5580000, 0x00000000d7a00000, 0x0000000100000000)
  eden space 28672K, 100% used [0x00000000d5580000,0x00000000d7180000,0x00000000d7180000)
  from space 3584K, 94% used [0x00000000d7680000,0x00000000d79d1580,0x00000000d7a00000)
  to   space 4096K, 0% used [0x00000000d7200000,0x00000000d7200000,0x00000000d7600000)
 ParOldGen       total 675328K, used 207167K [0x0000000080000000, 0x00000000a9380000, 0x00000000d558Event: 4673.466 {heap After GC invocations=534 (full 5):
 PSYoungGen      total 30208K, used 864K [0x00000000d5580000, 0x00000000d7700000, 0x0000000100000000)
  eden space 29184K, 0% used [0x00000000d5580000,0x00000000d5580000,0x00000000d7200000)
  from space 1024K, 84% used [0x00000000d7200000,0x00000000d72d8020,0x00000000d7300000)
  to   space 2048K, 0% used [0x00000000d7500000,0x00000000d7500000,0x00000000d7700000)
 ParOldGen       total 675328K, used 207255K [0x0000000080000000, 0x00000000a9380000, 0x00000000d5580000)Event: 4674.572 {heap Before GC invocations=535 (full 5):
 PSYoungGen      total 30208K, used 30048K [0x00000000d5580000, 0x00000000d7700000, 0x0000000100000000)
  eden space 29184K, 99% used [0x00000000d5580000,0x00000000d71ffff0,0x00000000d7200000)
  from space 1024K, 84% used [0x00000000d7200000,0x00000000d72d8020,0x00000000d7300000)
  to   space 2048K, 0% used [0x00000000d7500000,0x00000000d7500000,0x00000000d7700000)
 ParOldGen       total 675328K, used 207255K [0x0000000080000000, 0x00000000a9380000, 0x00000000d5580Event: 4674.575 {heap After GC invocations=535 (full 5):
 PSYoungGen      total 32768K, used 608K [0x00000000d5580000, 0x00000000d7680000, 0x0000000100000000)
  eden space 31232K, 0% used [0x00000000d5580000,0x00000000d5580000,0x00000000d7400000)
  from space 1536K, 39% used [0x00000000d7500000,0x00000000d7598020,0x00000000d7680000)
  to   space 1024K, 0% used [0x00000000d7400000,0x00000000d7400000,0x00000000d7500000)
 ParOldGen       total 675328K, used 207920K [0x0000000080000000, 0x00000000a9380000, 0x00000000d5580000)Event: 4727.862 {heap Before GC invocations=536 (full 5):
 PSYoungGen      total 32768K, used 31840K [0x00000000d5580000, 0x00000000d7680000, 0x0000000100000000)
  eden space 31232K, 100% used [0x00000000d5580000,0x00000000d7400000,0x00000000d7400000)
  from space 1536K, 39% used [0x00000000d7500000,0x00000000d7598020,0x00000000d7680000)
  to   space 1024K, 0% used [0x00000000d7400000,0x00000000d7400000,0x00000000d7500000)
 ParOldGen       total 675328K, used 207920K [0x0000000080000000, 0x00000000a9380000, 0x00000000d558Event: 4727.865 {heap After GC invocations=536 (full 5):
 PSYoungGen      total 31744K, used 1011K [0x00000000d5580000, 0x00000000d7d80000, 0x0000000100000000)
  eden space 30720K, 0% used [0x00000000d5580000,0x00000000d5580000,0x00000000d7380000)
  from space 1024K, 98% used [0x00000000d7400000,0x00000000d74fccd0,0x00000000d7500000)
  to   space 5120K, 0% used [0x00000000d7880000,0x00000000d7880000,0x00000000d7d80000)
 ParOldGen       total 675328K, used 211056K [0x0000000080000000, 0x00000000a9380000, 0x00000000d5580000Event: 4728.754 {heap Before GC invocations=537 (full 5):
 PSYoungGen      total 31744K, used 31731K [0x00000000d5580000, 0x00000000d7d80000, 0x0000000100000000)
  eden space 30720K, 100% used [0x00000000d5580000,0x00000000d7380000,0x00000000d7380000)
  from space 1024K, 98% used [0x00000000d7400000,0x00000000d74fccd0,0x00000000d7500000)
  to   space 5120K, 0% used [0x00000000d7880000,0x00000000d7880000,0x00000000d7d80000)
 ParOldGen       total 675328K, used 211056K [0x0000000080000000, 0x00000000a9380000, 0x00000000d558Event: 4728.756 {heap After GC invocations=537 (full 5):
 PSYoungGen      total 31232K, used 884K [0x00000000d5580000, 0x00000000d7980000, 0x0000000100000000)
  eden space 30208K, 0% used [0x00000000d5580000,0x00000000d5580000,0x00000000d7300000)
  from space 1024K, 86% used [0x00000000d7880000,0x00000000d795d200,0x00000000d7980000)
  to   space 2560K, 0% used [0x00000000d7480000,0x00000000d7480000,0x00000000d7700000)
 ParOldGen       total 675328K, used 211448K [0x0000000080000000, 0x00000000a9380000, 0x00000000d5580000)
Metaspace Usage History (20 events):
Event: 4637.434 {metaspace Before GC invocations=528 (full 5):
 Metaspace       used 86508K, committed 88000K, reserved 1179648K
  class space    used 7384K, committed 8064K, reserved 1048576K
}
Event: 4637.438 {metaspace After GC invocations=528 (full 5):
 Metaspace       used 86508K, committed 88000K, reserved 1179648K
  class space    used 7384K, committed 8064K, reserved 1048576K
}
Event: 4642.330 {metaspace Before GC invocations=529 (full 5):
 Metaspace       used 86511K, committed 88000K, reserved 1179648K
  class space    used 7384K, committed 8064K, reserved 1048576K
}
Event: 4642.333 {metaspace After GC invocations=529 (full 5):
 Metaspace       used 86511K, committed 88000K, reserved 1179648K
  class space    used 7384K, committed 8064K, reserved 1048576K
}
Event: 4644.508 {metaspace Before GC invocations=530 (full 5):
 Metaspace       used 86519K, committed 88000K, reserved 1179648K
  class space    used 7384K, committed 8064K, reserved 1048576K
}
Event: 4644.512 {metaspace After GC invocations=530 (full 5):
 Metaspace       used 86519K, committed 88000K, reserved 1179648K
  class space    used 7384K, committed 8064K, reserved 1048576K
}
Event: 4665.736 {metaspace Before GC invocations=531 (full 5):
 Metaspace       used 86522K, committed 88000K, reserved 1179648K
  class space    used 7384K, committed 8064K, reserved 1048576K
}
Event: 4665.740 {metaspace After GC invocations=531 (full 5):
 Metaspace       used 86522K, committed 88000K, reserved 1179648K
  class space    used 7384K, committed 8064K, reserved 1048576K
}
Event: 4667.438 {metaspace Before GC invocations=532 (full 5):
 Metaspace       used 86523K, committed 88000K, reserved 1179648K
  class space    used 7384K, committed 8064K, reserved 1048576K
}
Event: 4667.441 {metaspace After GC invocations=532 (full 5):
 Metaspace       used 86523K, committed 88000K, reserved 1179648K
  class space    used 7384K, committed 8064K, reserved 1048576K
}
Event: 4671.662 {metaspace Before GC invocations=533 (full 5):
 Metaspace       used 86523K, committed 88000K, reserved 1179648K
  class space    used 7384K, committed 8064K, reserved 1048576K
}
Event: 4671.667 {metaspace After GC invocations=533 (full 5):
 Metaspace       used 86523K, committed 88000K, reserved 1179648K
  class space    used 7384K, committed 8064K, reserved 1048576K
}
Event: 4673.463 {metaspace Before GC invocations=534 (full 5):
 Metaspace       used 86523K, committed 88000K, reserved 1179648K
  class space    used 7384K, committed 8064K, reserved 1048576K
}
Event: 4673.466 {metaspace After GC invocations=534 (full 5):
 Metaspace       used 86523K, committed 88000K, reserved 1179648K
  class space    used 7384K, committed 8064K, reserved 1048576K
}
Event: 4674.572 {metaspace Before GC invocations=535 (full 5):
 Metaspace       used 86523K, committed 88000K, reserved 1179648K
  class space    used 7384K, committed 8064K, reserved 1048576K
}
Event: 4674.575 {metaspace After GC invocations=535 (full 5):
 Metaspace       used 86523K, committed 88000K, reserved 1179648K
  class space    used 7384K, committed 8064K, reserved 1048576K
}
Event: 4727.862 {metaspace Before GC invocations=536 (full 5):
 Metaspace       used 86862K, committed 88256K, reserved 1179648K
  class space    used 7429K, committed 8064K, reserved 1048576K
}
Event: 4727.865 {metaspace After GC invocations=536 (full 5):
 Metaspace       used 86862K, committed 88256K, reserved 1179648K
  class space    used 7429K, committed 8064K, reserved 1048576K
}
Event: 4728.754 {metaspace Before GC invocations=537 (full 5):
 Metaspace       used 87752K, committed 89536K, reserved 1179648K
  class space    used 7610K, committed 8320K, reserved 1048576K
}
Event: 4728.756 {metaspace After GC invocations=537 (full 5):
 Metaspace       used 87752K, committed 89536K, reserved 1179648K
  class space    used 7610K, committed 8320K, reserved 1048576K
}

