# JRE version: Java(TM) SE Runtime Environment (25.0+37) (build 25+37-LTS-3491)
# Java VM: Java HotSpot(TM) 64-Bit Server VM (25+37-LTS-3491, mixed mode, sharing, tiered, compressed oops, compressed class ptrs, parallel gc, windows-amd64)
GC Precious Log:
 CardTable entry size: 512
 CPUs: 12 total, 12 available
 Memory: 15712M
 Large Page Support: Disabled
 NUMA Support: Disabled
 Compressed Oops: Enabled (32-bit)
 Alignments: Space 512K, Generation 512K, Heap 2M
 Heap Min Capacity: 100M
 Heap Initial Capacity: 100M
 Heap Max Capacity: 2G
 Pre-touch: Disabled
 Parallel Workers: 10
Heap:
 PSYoungGen      total 31744K, used 11982K [0x00000000d5580000, 0x00000000d7680000, 0x0000000100000000)
  eden space 27648K, 40% used [0x00000000d5580000,0x00000000d608e688,0x00000000d7080000)
  from space 4096K, 16% used [0x00000000d7280000,0x00000000d7325288,0x00000000d7680000)
  to   space 2048K, 0% used [0x00000000d7080000,0x00000000d7080000,0x00000000d7280000)
 ParOldGen       total 501760K, used 399325K [0x0000000080000000, 0x000000009ea00000, 0x00000000d5580000)
  object space 501760K, 79% used [0x0000000080000000,0x00000000985f7548,0x000000009ea00000)
GC Heap Usage History (20 events):
Event: 4116.795 {heap Before GC invocations=610 (full 5):
 PSYoungGen      total 31744K, used 31008K [0x00000000d5580000, 0x00000000d7680000, 0x0000000100000000)
  eden space 29696K, 100% used [0x00000000d5580000,0x00000000d7280000,0x00000000d7280000)
  from space 2048K, 64% used [0x00000000d7480000,0x00000000d75c8020,0x00000000d7680000)
  to   space 2048K, 0% used [0x00000000d7280000,0x00000000d7280000,0x00000000d7480000)
 ParOldGen       total 501760K, used 374580K [0x0000000080000000, 0x000000009ea00000, 0x00000000d558Event: 4116.796 {heap After GC invocations=610 (full 5):
 PSYoungGen      total 31744K, used 880K [0x00000000d5580000, 0x00000000d7680000, 0x0000000100000000)
  eden space 29696K, 0% used [0x00000000d5580000,0x00000000d5580000,0x00000000d7280000)
  from space 2048K, 42% used [0x00000000d7280000,0x00000000d735c030,0x00000000d7480000)
  to   space 1536K, 0% used [0x00000000d7500000,0x00000000d7500000,0x00000000d7680000)
 ParOldGen       total 501760K, used 374628K [0x0000000080000000, 0x000000009ea00000, 0x00000000d5580000)Event: 4117.657 {heap Before GC invocations=611 (full 5):
 PSYoungGen      total 31744K, used 30576K [0x00000000d5580000, 0x00000000d7680000, 0x0000000100000000)
  eden space 29696K, 100% used [0x00000000d5580000,0x00000000d7280000,0x00000000d7280000)
  from space 2048K, 42% used [0x00000000d7280000,0x00000000d735c030,0x00000000d7480000)
  to   space 1536K, 0% used [0x00000000d7500000,0x00000000d7500000,0x00000000d7680000)
 ParOldGen       total 501760K, used 374628K [0x0000000080000000, 0x000000009ea00000, 0x00000000d558Event: 4117.658 {heap After GC invocations=611 (full 5):
 PSYoungGen      total 32768K, used 416K [0x00000000d5580000, 0x00000000d7680000, 0x0000000100000000)
  eden space 31232K, 0% used [0x00000000d5580000,0x00000000d5580000,0x00000000d7400000)
  from space 1536K, 27% used [0x00000000d7500000,0x00000000d7568000,0x00000000d7680000)
  to   space 1024K, 0% used [0x00000000d7400000,0x00000000d7400000,0x00000000d7500000)
 ParOldGen       total 501760K, used 375249K [0x0000000080000000, 0x000000009ea00000, 0x00000000d5580000)Event: 4119.704 {heap Before GC invocations=612 (full 5):
 PSYoungGen      total 32768K, used 31648K [0x00000000d5580000, 0x00000000d7680000, 0x0000000100000000)
  eden space 31232K, 100% used [0x00000000d5580000,0x00000000d7400000,0x00000000d7400000)
  from space 1536K, 27% used [0x00000000d7500000,0x00000000d7568000,0x00000000d7680000)
  to   space 1024K, 0% used [0x00000000d7400000,0x00000000d7400000,0x00000000d7500000)
 ParOldGen       total 501760K, used 375249K [0x0000000080000000, 0x000000009ea00000, 0x00000000d558Event: 4119.705 {heap After GC invocations=612 (full 5):
 PSYoungGen      total 31744K, used 1022K [0x00000000d5580000, 0x00000000d7880000, 0x0000000100000000)
  eden space 30720K, 0% used [0x00000000d5580000,0x00000000d5580000,0x00000000d7380000)
  from space 1024K, 99% used [0x00000000d7400000,0x00000000d74ffaa0,0x00000000d7500000)
  to   space 2560K, 0% used [0x00000000d7600000,0x00000000d7600000,0x00000000d7880000)
 ParOldGen       total 501760K, used 376199K [0x0000000080000000, 0x000000009ea00000, 0x00000000d5580000Event: 4121.374 {heap Before GC invocations=613 (full 5):
 PSYoungGen      total 31744K, used 31404K [0x00000000d5580000, 0x00000000d7880000, 0x0000000100000000)
  eden space 30720K, 98% used [0x00000000d5580000,0x00000000d732b880,0x00000000d7380000)
  from space 1024K, 99% used [0x00000000d7400000,0x00000000d74ffaa0,0x00000000d7500000)
  to   space 2560K, 0% used [0x00000000d7600000,0x00000000d7600000,0x00000000d7880000)
 ParOldGen       total 501760K, used 376199K [0x0000000080000000, 0x000000009ea00000, 0x00000000d5580Event: 4121.378 {heap After GC invocations=613 (full 5):
 PSYoungGen      total 19968K, used 2553K [0x00000000d5580000, 0x00000000d9200000, 0x0000000100000000)
  eden space 17408K, 0% used [0x00000000d5580000,0x00000000d5580000,0x00000000d6680000)
  from space 2560K, 99% used [0x00000000d7600000,0x00000000d787e580,0x00000000d7880000)
  to   space 15872K, 0% used [0x00000000d6680000,0x00000000d6680000,0x00000000d7600000)
 ParOldGen       total 501760K, used 387375K [0x0000000080000000, 0x000000009ea00000, 0x00000000d558000Event: 4122.066 {heap Before GC invocations=614 (full 5):
 PSYoungGen      total 19968K, used 19961K [0x00000000d5580000, 0x00000000d9200000, 0x0000000100000000)
  eden space 17408K, 100% used [0x00000000d5580000,0x00000000d6680000,0x00000000d6680000)
  from space 2560K, 99% used [0x00000000d7600000,0x00000000d787e580,0x00000000d7880000)
  to   space 15872K, 0% used [0x00000000d6680000,0x00000000d6680000,0x00000000d7600000)
 ParOldGen       total 501760K, used 387375K [0x0000000080000000, 0x000000009ea00000, 0x00000000d55Event: 4122.069 {heap After GC invocations=614 (full 5):
 PSYoungGen      total 24064K, used 6621K [0x00000000d5580000, 0x00000000d7880000, 0x0000000100000000)
  eden space 17408K, 0% used [0x00000000d5580000,0x00000000d5580000,0x00000000d6680000)
  from space 6656K, 99% used [0x00000000d6680000,0x00000000d6cf7520,0x00000000d6d00000)
  to   space 9216K, 0% used [0x00000000d6f80000,0x00000000d6f80000,0x00000000d7880000)
 ParOldGen       total 501760K, used 389522K [0x0000000080000000, 0x000000009ea00000, 0x00000000d5580000Event: 4122.698 {heap Before GC invocations=615 (full 5):
 PSYoungGen      total 24064K, used 23450K [0x00000000d5580000, 0x00000000d7880000, 0x0000000100000000)
  eden space 17408K, 96% used [0x00000000d5580000,0x00000000d65ef340,0x00000000d6680000)
  from space 6656K, 99% used [0x00000000d6680000,0x00000000d6cf7520,0x00000000d6d00000)
  to   space 9216K, 0% used [0x00000000d6f80000,0x00000000d6f80000,0x00000000d7880000)
 ParOldGen       total 501760K, used 389522K [0x0000000080000000, 0x000000009ea00000, 0x00000000d5580Event: 4122.701 {heap After GC invocations=615 (full 5):
 PSYoungGen      total 17920K, used 9210K [0x00000000d5580000, 0x00000000d8980000, 0x0000000100000000)
  eden space 8704K, 0% used [0x00000000d5580000,0x00000000d5580000,0x00000000d5e00000)
  from space 9216K, 99% used [0x00000000d6f80000,0x00000000d787eaa0,0x00000000d7880000)
  to   space 17920K, 0% used [0x00000000d5e00000,0x00000000d5e00000,0x00000000d6f80000)
 ParOldGen       total 501760K, used 396216K [0x0000000080000000, 0x000000009ea00000, 0x00000000d5580000Event: 4122.783 {heap Before GC invocations=616 (full 5):
 PSYoungGen      total 17920K, used 17914K [0x00000000d5580000, 0x00000000d8980000, 0x0000000100000000)
  eden space 8704K, 100% used [0x00000000d5580000,0x00000000d5e00000,0x00000000d5e00000)
  from space 9216K, 99% used [0x00000000d6f80000,0x00000000d787eaa0,0x00000000d7880000)
  to   space 17920K, 0% used [0x00000000d5e00000,0x00000000d5e00000,0x00000000d6f80000)
 ParOldGen       total 501760K, used 396216K [0x0000000080000000, 0x000000009ea00000, 0x00000000d558Event: 4122.784 {heap After GC invocations=616 (full 5):
 PSYoungGen      total 26624K, used 736K [0x00000000d5580000, 0x00000000d7680000, 0x0000000100000000)
  eden space 8704K, 0% used [0x00000000d5580000,0x00000000d5580000,0x00000000d5e00000)
  from space 17920K, 4% used [0x00000000d5e00000,0x00000000d5eb8000,0x00000000d6f80000)
  to   space 6656K, 0% used [0x00000000d7000000,0x00000000d7000000,0x00000000d7680000)
 ParOldGen       total 501760K, used 396280K [0x0000000080000000, 0x000000009ea00000, 0x00000000d5580000)
Event: 4123.462 {heap Before GC invocations=617 (full 5):
 PSYoungGen      total 26624K, used 9439K [0x00000000d5580000, 0x00000000d7680000, 0x0000000100000000)
  eden space 8704K, 99% used [0x00000000d5580000,0x00000000d5dffff8,0x00000000d5e00000)
  from space 17920K, 4% used [0x00000000d5e00000,0x00000000d5eb8000,0x00000000d6f80000)
  to   space 6656K, 0% used [0x00000000d7000000,0x00000000d7000000,0x00000000d7680000)
 ParOldGen       total 501760K, used 396280K [0x0000000080000000, 0x000000009ea00000, 0x00000000d558000Event: 4123.463 {heap After GC invocations=617 (full 5):
 PSYoungGen      total 31744K, used 576K [0x00000000d5580000, 0x00000000d7680000, 0x0000000100000000)
  eden space 25088K, 0% used [0x00000000d5580000,0x00000000d5580000,0x00000000d6e00000)
  from space 6656K, 8% used [0x00000000d7000000,0x00000000d7090020,0x00000000d7680000)
  to   space 2048K, 0% used [0x00000000d6e00000,0x00000000d6e00000,0x00000000d7000000)
 ParOldGen       total 501760K, used 396392K [0x0000000080000000, 0x000000009ea00000, 0x00000000d5580000)
Event: 4203.778 {heap Before GC invocations=618 (full 5):
 PSYoungGen      total 31744K, used 25664K [0x00000000d5580000, 0x00000000d7680000, 0x0000000100000000)
  eden space 25088K, 100% used [0x00000000d5580000,0x00000000d6e00000,0x00000000d6e00000)
  from space 6656K, 8% used [0x00000000d7000000,0x00000000d7090020,0x00000000d7680000)
  to   space 2048K, 0% used [0x00000000d6e00000,0x00000000d6e00000,0x00000000d7000000)
 ParOldGen       total 501760K, used 396392K [0x0000000080000000, 0x000000009ea00000, 0x00000000d5580Event: 4203.780 {heap After GC invocations=618 (full 5):
 PSYoungGen      total 26624K, used 2045K [0x00000000d5580000, 0x00000000d7780000, 0x0000000100000000)
  eden space 24576K, 0% used [0x00000000d5580000,0x00000000d5580000,0x00000000d6d80000)
  from space 2048K, 99% used [0x00000000d6e00000,0x00000000d6fff500,0x00000000d7000000)
  to   space 5120K, 0% used [0x00000000d7280000,0x00000000d7280000,0x00000000d7780000)
 ParOldGen       total 501760K, used 398745K [0x0000000080000000, 0x000000009ea00000, 0x00000000d5580000Event: 4204.472 {heap Before GC invocations=619 (full 5):
 PSYoungGen      total 26624K, used 26608K [0x00000000d5580000, 0x00000000d7780000, 0x0000000100000000)
  eden space 24576K, 99% used [0x00000000d5580000,0x00000000d6d7cdd0,0x00000000d6d80000)
  from space 2048K, 99% used [0x00000000d6e00000,0x00000000d6fff500,0x00000000d7000000)
  to   space 5120K, 0% used [0x00000000d7280000,0x00000000d7280000,0x00000000d7780000)
 ParOldGen       total 501760K, used 398745K [0x0000000080000000, 0x000000009ea00000, 0x00000000d5580Event: 4204.473 {heap After GC invocations=619 (full 5):
 PSYoungGen      total 31744K, used 660K [0x00000000d5580000, 0x00000000d7680000, 0x0000000100000000)
  eden space 27648K, 0% used [0x00000000d5580000,0x00000000d5580000,0x00000000d7080000)
  from space 4096K, 16% used [0x00000000d7280000,0x00000000d7325288,0x00000000d7680000)
  to   space 2048K, 0% used [0x00000000d7080000,0x00000000d7080000,0x00000000d7280000)
 ParOldGen       total 501760K, used 399325K [0x0000000080000000, 0x000000009ea00000, 0x00000000d5580000)
Metaspace Usage History (20 events):
Event: 4116.795 {metaspace Before GC invocations=610 (full 5):
 Metaspace       used 87514K, committed 88896K, reserved 1179648K
  class space    used 7433K, committed 8128K, reserved 1048576K
}
Event: 4116.796 {metaspace After GC invocations=610 (full 5):
 Metaspace       used 87514K, committed 88896K, reserved 1179648K
  class space    used 7433K, committed 8128K, reserved 1048576K
}
Event: 4117.657 {metaspace Before GC invocations=611 (full 5):
 Metaspace       used 87514K, committed 88896K, reserved 1179648K
  class space    used 7433K, committed 8128K, reserved 1048576K
}
Event: 4117.658 {metaspace After GC invocations=611 (full 5):
 Metaspace       used 87514K, committed 88896K, reserved 1179648K
  class space    used 7433K, committed 8128K, reserved 1048576K
}
Event: 4119.704 {metaspace Before GC invocations=612 (full 5):
 Metaspace       used 87514K, committed 88896K, reserved 1179648K
  class space    used 7433K, committed 8128K, reserved 1048576K
}
Event: 4119.705 {metaspace After GC invocations=612 (full 5):
 Metaspace       used 87514K, committed 88896K, reserved 1179648K
  class space    used 7433K, committed 8128K, reserved 1048576K
}
Event: 4121.374 {metaspace Before GC invocations=613 (full 5):
 Metaspace       used 87514K, committed 88896K, reserved 1179648K
  class space    used 7433K, committed 8128K, reserved 1048576K
}
Event: 4121.378 {metaspace After GC invocations=613 (full 5):
 Metaspace       used 87514K, committed 88896K, reserved 1179648K
  class space    used 7433K, committed 8128K, reserved 1048576K
}
Event: 4122.066 {metaspace Before GC invocations=614 (full 5):
 Metaspace       used 87514K, committed 88896K, reserved 1179648K
  class space    used 7433K, committed 8128K, reserved 1048576K
}
Event: 4122.069 {metaspace After GC invocations=614 (full 5):
 Metaspace       used 87514K, committed 88896K, reserved 1179648K
  class space    used 7433K, committed 8128K, reserved 1048576K
}
Event: 4122.698 {metaspace Before GC invocations=615 (full 5):
 Metaspace       used 87514K, committed 88896K, reserved 1179648K
  class space    used 7433K, committed 8128K, reserved 1048576K
}
Event: 4122.701 {metaspace After GC invocations=615 (full 5):
 Metaspace       used 87514K, committed 88896K, reserved 1179648K
  class space    used 7433K, committed 8128K, reserved 1048576K
}
Event: 4122.783 {metaspace Before GC invocations=616 (full 5):
 Metaspace       used 87514K, committed 88896K, reserved 1179648K
  class space    used 7433K, committed 8128K, reserved 1048576K
}
Event: 4122.784 {metaspace After GC invocations=616 (full 5):
 Metaspace       used 87514K, committed 88896K, reserved 1179648K
  class space    used 7433K, committed 8128K, reserved 1048576K
}
Event: 4123.462 {metaspace Before GC invocations=617 (full 5):
 Metaspace       used 87518K, committed 88896K, reserved 1179648K
  class space    used 7433K, committed 8128K, reserved 1048576K
}
Event: 4123.463 {metaspace After GC invocations=617 (full 5):
 Metaspace       used 87518K, committed 88896K, reserved 1179648K
  class space    used 7433K, committed 8128K, reserved 1048576K
}
Event: 4203.778 {metaspace Before GC invocations=618 (full 5):
 Metaspace       used 87868K, committed 89280K, reserved 1179648K
  class space    used 7482K, committed 8192K, reserved 1048576K
}
Event: 4203.780 {metaspace After GC invocations=618 (full 5):
 Metaspace       used 87868K, committed 89280K, reserved 1179648K
  class space    used 7482K, committed 8192K, reserved 1048576K
}
Event: 4204.472 {metaspace Before GC invocations=619 (full 5):
 Metaspace       used 88734K, committed 90496K, reserved 1179648K
  class space    used 7656K, committed 8448K, reserved 1048576K
}
Event: 4204.473 {metaspace After GC invocations=619 (full 5):
 Metaspace       used 88734K, committed 90496K, reserved 1179648K
  class space    used 7656K, committed 8448K, reserved 1048576K
}

